AH00558: apache2: Could not reliably determine the server's fully qualified domain name, using 172.18.0.5. Set the 'ServerName' directive globally to suppress this message
[Fri Aug 29 13:46:55.994051 2025] [mpm_prefork:notice] [pid 1:tid 1] AH00163: Apache/2.4.65 (Debian) OpenSSL/3.5.1 configured -- resuming normal operations
[Fri Aug 29 13:46:55.995585 2025] [core:notice] [pid 1:tid 1] AH00094: Command line: 'apache2 -D FOREGROUND'
[Fri Aug 29 13:47:53.658754 2025] [mpm_prefork:notice] [pid 1:tid 1] AH00170: caught SIGWINCH, shutting down gracefully
AH00558: apache2: Could not reliably determine the server's fully qualified domain name, using 172.18.0.5. Set the 'ServerName' directive globally to suppress this message
[Fri Aug 29 13:47:55.719515 2025] [mpm_prefork:notice] [pid 1:tid 1] AH00163: Apache/2.4.65 (Debian) OpenSSL/3.5.1 configured -- resuming normal operations
[Fri Aug 29 13:47:55.720056 2025] [core:notice] [pid 1:tid 1] AH00094: Command line: 'apache2 -D FOREGROUND'
[Fri Aug 29 13:49:01.810743 2025] [mpm_prefork:notice] [pid 1:tid 1] AH00170: caught SIGWINCH, shutting down gracefully
[Fri Aug 29 13:49:04.327758 2025] [mpm_prefork:notice] [pid 1:tid 1] AH00163: Apache/2.4.65 (Debian) OpenSSL/3.5.1 configured -- resuming normal operations
[Fri Aug 29 13:49:04.328459 2025] [core:notice] [pid 1:tid 1] AH00094: Command line: 'apache2 -D FOREGROUND'
[Fri Aug 29 13:53:10.427134 2025] [mpm_prefork:notice] [pid 1:tid 1] AH00170: caught SIGWINCH, shutting down gracefully
[Fri Aug 29 13:53:12.673377 2025] [mpm_prefork:notice] [pid 1:tid 1] AH00163: Apache/2.4.65 (Debian) OpenSSL/3.5.1 configured -- resuming normal operations
[Fri Aug 29 13:53:12.674257 2025] [core:notice] [pid 1:tid 1] AH00094: Command line: 'apache2 -D FOREGROUND'
[Fri Aug 29 13:57:16.730195 2025] [mpm_prefork:notice] [pid 1:tid 1] AH00170: caught SIGWINCH, shutting down gracefully
[Sat Aug 30 19:36:30.311686 2025] [mpm_prefork:notice] [pid 1:tid 1] AH00163: Apache/2.4.65 (Debian) OpenSSL/3.5.1 configured -- resuming normal operations
[Sat Aug 30 19:36:30.314697 2025] [core:notice] [pid 1:tid 1] AH00094: Command line: 'apache2 -D FOREGROUND'
[Sat Aug 30 19:43:51.438306 2025] [mpm_prefork:notice] [pid 1:tid 1] AH00170: caught SIGWINCH, shutting down gracefully
[Sat Aug 30 19:44:16.978288 2025] [mpm_prefork:notice] [pid 1:tid 1] AH00163: Apache/2.4.65 (Debian) OpenSSL/3.5.1 configured -- resuming normal operations
[Sat Aug 30 19:44:16.979019 2025] [core:notice] [pid 1:tid 1] AH00094: Command line: 'apache2 -D FOREGROUND'
[Sun Aug 31 17:16:31.304358 2025] [mpm_prefork:notice] [pid 1:tid 1] AH00170: caught SIGWINCH, shutting down gracefully
[Thu Sep 25 12:58:23.381309 2025] [mpm_prefork:notice] [pid 1:tid 1] AH00163: Apache/2.4.65 (Debian) OpenSSL/3.5.1 configured -- resuming normal operations
[Thu Sep 25 12:58:23.381920 2025] [core:notice] [pid 1:tid 1] AH00094: Command line: 'apache2 -D FOREGROUND'
[Thu Sep 25 13:39:51.988056 2025] [mpm_prefork:notice] [pid 1:tid 1] AH00170: caught SIGWINCH, shutting down gracefully
[Thu Oct 09 13:39:58.417138 2025] [mpm_prefork:notice] [pid 1:tid 1] AH00163: Apache/2.4.65 (Debian) OpenSSL/3.5.1 configured -- resuming normal operations
[Thu Oct 09 13:39:58.417855 2025] [core:notice] [pid 1:tid 1] AH00094: Command line: 'apache2 -D FOREGROUND'
[Thu Oct 09 14:06:32.611099 2025] [mpm_prefork:notice] [pid 1:tid 1] AH00170: caught SIGWINCH, shutting down gracefully
[Thu Oct 09 14:06:34.382428 2025] [mpm_prefork:notice] [pid 1:tid 1] AH00163: Apache/2.4.65 (Debian) OpenSSL/3.5.1 configured -- resuming normal operations
[Thu Oct 09 14:06:34.382757 2025] [core:notice] [pid 1:tid 1] AH00094: Command line: 'apache2 -D FOREGROUND'
[Sat Oct 11 22:07:25.879663 2025] [mpm_prefork:notice] [pid 1:tid 1] AH00170: caught SIGWINCH, shutting down gracefully
[Mon Oct 13 10:26:13.368331 2025] [mpm_prefork:notice] [pid 1:tid 1] AH00163: Apache/2.4.65 (Debian) OpenSSL/3.5.1 configured -- resuming normal operations
[Mon Oct 13 10:26:13.369025 2025] [core:notice] [pid 1:tid 1] AH00094: Command line: 'apache2 -D FOREGROUND'
[Mon Oct 13 10:34:45.607204 2025] [mpm_prefork:notice] [pid 1:tid 1] AH00170: caught SIGWINCH, shutting down gracefully
